24-Sep-2025 20:18:18.529 INFO [main] org.apache.catalina.startup.VersionLoggerListener.log Nombre de la versión del servidor: Apache Tomcat/10.1.46
24-Sep-2025 20:18:18.533 INFO [main] org.apache.catalina.startup.VersionLoggerListener.log Server built:                      Sep 8 2025 14:26:21 UTC
24-Sep-2025 20:18:18.533 INFO [main] org.apache.catalina.startup.VersionLoggerListener.log Número de versión de servidor:     10.1.46.0
24-Sep-2025 20:18:18.533 INFO [main] org.apache.catalina.startup.VersionLoggerListener.log OS Name:                           Windows 11
24-Sep-2025 20:18:18.534 INFO [main] org.apache.catalina.startup.VersionLoggerListener.log Versión de Systema Operativo:      10.0
24-Sep-2025 20:18:18.534 INFO [main] org.apache.catalina.startup.VersionLoggerListener.log Arquitectura:                      amd64
24-Sep-2025 20:18:18.534 INFO [main] org.apache.catalina.startup.VersionLoggerListener.log Java Home:                         C:\Program Files\Java\jdk-17
24-Sep-2025 20:18:18.534 INFO [main] org.apache.catalina.startup.VersionLoggerListener.log JVM Version:                       17.0.12+8-LTS-286
24-Sep-2025 20:18:18.534 INFO [main] org.apache.catalina.startup.VersionLoggerListener.log Vededor JVM:                       Oracle Corporation
24-Sep-2025 20:18:18.534 INFO [main] org.apache.catalina.startup.VersionLoggerListener.log CATALINA_BASE:                     C:\Users\USER\OneDrive\Documentos\NetBeansProjects\MVC_LOGIN_2F\apache-tomcat-10.1.46\apache-tomcat-10.1.46
24-Sep-2025 20:18:18.534 INFO [main] org.apache.catalina.startup.VersionLoggerListener.log CATALINA_HOME:                     C:\Users\USER\OneDrive\Documentos\NetBeansProjects\MVC_LOGIN_2F\apache-tomcat-10.1.46\apache-tomcat-10.1.46
24-Sep-2025 20:18:18.541 INFO [main] org.apache.catalina.startup.VersionLoggerListener.log Command line argument:             -Djava.util.logging.config.file=C:\Users\USER\OneDrive\Documentos\NetBeansProjects\MVC_LOGIN_2F\apache-tomcat-10.1.46\apache-tomcat-10.1.46\conf\logging.properties
24-Sep-2025 20:18:18.541 INFO [main] org.apache.catalina.startup.VersionLoggerListener.log Command line argument:             -Djava.util.logging.manager=org.apache.juli.ClassLoaderLogManager
24-Sep-2025 20:18:18.541 INFO [main] org.apache.catalina.startup.VersionLoggerListener.log Command line argument:             -Djdk.tls.ephemeralDHKeySize=2048
24-Sep-2025 20:18:18.541 INFO [main] org.apache.catalina.startup.VersionLoggerListener.log Command line argument:             -Djava.protocol.handler.pkgs=org.apache.catalina.webresources
24-Sep-2025 20:18:18.541 INFO [main] org.apache.catalina.startup.VersionLoggerListener.log Command line argument:             -Dsun.io.useCanonCaches=false
24-Sep-2025 20:18:18.541 INFO [main] org.apache.catalina.startup.VersionLoggerListener.log Command line argument:             --add-opens=java.base/java.lang=ALL-UNNAMED
24-Sep-2025 20:18:18.541 INFO [main] org.apache.catalina.startup.VersionLoggerListener.log Command line argument:             --add-opens=java.base/java.lang.reflect=ALL-UNNAMED
24-Sep-2025 20:18:18.542 INFO [main] org.apache.catalina.startup.VersionLoggerListener.log Command line argument:             --add-opens=java.base/java.io=ALL-UNNAMED
24-Sep-2025 20:18:18.542 INFO [main] org.apache.catalina.startup.VersionLoggerListener.log Command line argument:             --add-opens=java.base/java.util=ALL-UNNAMED
24-Sep-2025 20:18:18.542 INFO [main] org.apache.catalina.startup.VersionLoggerListener.log Command line argument:             --add-opens=java.base/java.util.concurrent=ALL-UNNAMED
24-Sep-2025 20:18:18.543 INFO [main] org.apache.catalina.startup.VersionLoggerListener.log Command line argument:             --add-opens=java.rmi/sun.rmi.transport=ALL-UNNAMED
24-Sep-2025 20:18:18.543 INFO [main] org.apache.catalina.startup.VersionLoggerListener.log Command line argument:             -Dcatalina.base=C:\Users\USER\OneDrive\Documentos\NetBeansProjects\MVC_LOGIN_2F\apache-tomcat-10.1.46\apache-tomcat-10.1.46
24-Sep-2025 20:18:18.543 INFO [main] org.apache.catalina.startup.VersionLoggerListener.log Command line argument:             -Dcatalina.home=C:\Users\USER\OneDrive\Documentos\NetBeansProjects\MVC_LOGIN_2F\apache-tomcat-10.1.46\apache-tomcat-10.1.46
24-Sep-2025 20:18:18.611 INFO [main] org.apache.catalina.startup.VersionLoggerListener.log Command line argument:             -Djava.io.tmpdir=C:\Users\USER\OneDrive\Documentos\NetBeansProjects\MVC_LOGIN_2F\apache-tomcat-10.1.46\apache-tomcat-10.1.46\temp
24-Sep-2025 20:18:18.618 INFO [main] org.apache.catalina.core.AprLifecycleListener.lifecycleEvent La biblioteca nativa de Apache Tomcat basada en ARP que permite un rendimiento óptimo en entornos de desarrollo no ha sido hallada en java.library.path: [C:\Program Files\Java\jdk-17\bin;C:\windows\Sun\Java\bin;C:\windows\system32;C:\windows;C:\Program Files\Microsoft MPI\Bin\;C:\Program Files\Common Files\Oracle\Java\javapath;C:\windows\system32;C:\windows;C:\windows\System32\Wbem;C:\windows\System32\WindowsPowerShell\v1.0\;C:\windows\System32\OpenSSH\;C:\Program Files (x86)\NVIDIA Corporation\PhysX\Common;C:\Program Files\dotnet\;C:\Program Files\NVIDIA Corporation\NVIDIA App\NvDLISR;C:\Program Files\Java\jdk-17\bin;C:\Program Files (x86)\Microsoft SQL Server\160\Tools\Binn\;C:\Program Files\Microsoft SQL Server\160\Tools\Binn\;C:\Program Files\Microsoft SQL Server\Client SDK\ODBC\170\Tools\Binn\;C:\Program Files\Microsoft SQL Server\160\DTS\Binn\;C:\Program Files (x86)\Microsoft SQL Server\160\DTS\Binn\;C:\Users\USER\AppData\Local\Microsoft\WindowsApps;C:\Program Files\PostgreSQL\17\bin;;.]
24-Sep-2025 20:18:18.863 INFO [main] org.apache.coyote.AbstractProtocol.init Inicializando el manejador de protocolo ["http-nio-8080"]

24-Sep-2025 20:18:18.886 INFO [main] org.apache.catalina.startup.Catalina.load Server initialization in [581] milliseconds
24-Sep-2025 20:18:18.935 INFO [main] org.apache.catalina.core.StandardService.startInternal Arrancando servicio [Catalina]
24-Sep-2025 20:18:18.936 INFO [main] org.apache.catalina.core.StandardEngine.startInternal Starting Servlet engine: [Apache Tomcat/10.1.46]
24-Sep-2025 20:18:18.959 INFO [main] org.apache.catalina.startup.HostConfig.deployDirectory Desplegando el directorio [C:\Users\USER\OneDrive\Documentos\NetBeansProjects\MVC_LOGIN_2F\apache-tomcat-10.1.46\apache-tomcat-10.1.46\webapps\docs] de la aplicación web
24-Sep-2025 20:18:19.282 INFO [main] org.apache.catalina.startup.HostConfig.deployDirectory Deployment of web application directory [C:\Users\USER\OneDrive\Documentos\NetBeansProjects\MVC_LOGIN_2F\apache-tomcat-10.1.46\apache-tomcat-10.1.46\webapps\docs] has finished in [322] ms
24-Sep-2025 20:18:19.283 INFO [main] org.apache.catalina.startup.HostConfig.deployDirectory Desplegando el directorio [C:\Users\USER\OneDrive\Documentos\NetBeansProjects\MVC_LOGIN_2F\apache-tomcat-10.1.46\apache-tomcat-10.1.46\webapps\examples] de la aplicación web
24-Sep-2025 20:18:19.830 INFO [main] org.apache.catalina.startup.HostConfig.deployDirectory Deployment of web application directory [C:\Users\USER\OneDrive\Documentos\NetBeansProjects\MVC_LOGIN_2F\apache-tomcat-10.1.46\apache-tomcat-10.1.46\webapps\examples] has finished in [547] ms
24-Sep-2025 20:18:19.831 INFO [main] org.apache.catalina.startup.HostConfig.deployDirectory Desplegando el directorio [C:\Users\USER\OneDrive\Documentos\NetBeansProjects\MVC_LOGIN_2F\apache-tomcat-10.1.46\apache-tomcat-10.1.46\webapps\host-manager] de la aplicación web
24-Sep-2025 20:18:19.882 INFO [main] org.apache.catalina.startup.HostConfig.deployDirectory Deployment of web application directory [C:\Users\USER\OneDrive\Documentos\NetBeansProjects\MVC_LOGIN_2F\apache-tomcat-10.1.46\apache-tomcat-10.1.46\webapps\host-manager] has finished in [52] ms
24-Sep-2025 20:18:19.882 INFO [main] org.apache.catalina.startup.HostConfig.deployDirectory Desplegando el directorio [C:\Users\USER\OneDrive\Documentos\NetBeansProjects\MVC_LOGIN_2F\apache-tomcat-10.1.46\apache-tomcat-10.1.46\webapps\manager] de la aplicación web
24-Sep-2025 20:18:19.933 INFO [main] org.apache.catalina.startup.HostConfig.deployDirectory Deployment of web application directory [C:\Users\USER\OneDrive\Documentos\NetBeansProjects\MVC_LOGIN_2F\apache-tomcat-10.1.46\apache-tomcat-10.1.46\webapps\manager] has finished in [50] ms
24-Sep-2025 20:18:19.933 INFO [main] org.apache.catalina.startup.HostConfig.deployDirectory Desplegando el directorio [C:\Users\USER\OneDrive\Documentos\NetBeansProjects\MVC_LOGIN_2F\apache-tomcat-10.1.46\apache-tomcat-10.1.46\webapps\ROOT] de la aplicación web
24-Sep-2025 20:18:19.969 INFO [main] org.apache.catalina.startup.HostConfig.deployDirectory Deployment of web application directory [C:\Users\USER\OneDrive\Documentos\NetBeansProjects\MVC_LOGIN_2F\apache-tomcat-10.1.46\apache-tomcat-10.1.46\webapps\ROOT] has finished in [36] ms
24-Sep-2025 20:18:19.976 INFO [main] org.apache.coyote.AbstractProtocol.start Starting ProtocolHandler ["http-nio-8080"]
24-Sep-2025 20:18:20.033 INFO [main] org.apache.catalina.startup.Catalina.start Server startup in [1153] milliseconds
24-Sep-2025 20:18:24.652 WARNING [http-nio-8080-exec-8] org.apache.catalina.realm.LockOutRealm.filterLockedAccounts Se ha intentado autenticar al usuario bloqueado [Admin]
24-Sep-2025 20:18:25.462 WARNING [http-nio-8080-exec-1] org.apache.catalina.realm.LockOutRealm.filterLockedAccounts Se ha intentado autenticar al usuario bloqueado [Admin]
24-Sep-2025 20:20:01.834 INFO [Catalina-utility-2] org.apache.catalina.users.MemoryUserDatabase.backgroundProcess Reloading memory user database [UserDatabase] from updated source [file:/C:/Users/USER/OneDrive/Documentos/NetBeansProjects/MVC_LOGIN_2F/apache-tomcat-10.1.46/apache-tomcat-10.1.46/conf/tomcat-users.xml]
24-Sep-2025 20:20:06.145 WARNING [http-nio-8080-exec-4] org.apache.catalina.realm.LockOutRealm.filterLockedAccounts Se ha intentado autenticar al usuario bloqueado [Admin]
24-Sep-2025 20:20:06.785 WARNING [http-nio-8080-exec-6] org.apache.catalina.realm.LockOutRealm.filterLockedAccounts Se ha intentado autenticar al usuario bloqueado [Admin]
24-Sep-2025 20:20:07.289 WARNING [http-nio-8080-exec-9] org.apache.catalina.realm.LockOutRealm.filterLockedAccounts Se ha intentado autenticar al usuario bloqueado [Admin]
24-Sep-2025 20:20:07.721 WARNING [http-nio-8080-exec-10] org.apache.catalina.realm.LockOutRealm.filterLockedAccounts Se ha intentado autenticar al usuario bloqueado [Admin]
24-Sep-2025 20:20:08.082 WARNING [http-nio-8080-exec-2] org.apache.catalina.realm.LockOutRealm.filterLockedAccounts Se ha intentado autenticar al usuario bloqueado [Admin]
24-Sep-2025 20:20:08.256 WARNING [http-nio-8080-exec-4] org.apache.catalina.realm.LockOutRealm.filterLockedAccounts Se ha intentado autenticar al usuario bloqueado [Admin]
24-Sep-2025 20:20:08.437 WARNING [http-nio-8080-exec-6] org.apache.catalina.realm.LockOutRealm.filterLockedAccounts Se ha intentado autenticar al usuario bloqueado [Admin]
24-Sep-2025 20:20:08.641 WARNING [http-nio-8080-exec-9] org.apache.catalina.realm.LockOutRealm.filterLockedAccounts Se ha intentado autenticar al usuario bloqueado [Admin]
24-Sep-2025 20:20:14.896 WARNING [http-nio-8080-exec-4] org.apache.catalina.realm.LockOutRealm.filterLockedAccounts Se ha intentado autenticar al usuario bloqueado [Admin]
24-Sep-2025 20:20:15.629 WARNING [http-nio-8080-exec-6] org.apache.catalina.realm.LockOutRealm.filterLockedAccounts Se ha intentado autenticar al usuario bloqueado [Admin]
24-Sep-2025 20:20:16.178 WARNING [http-nio-8080-exec-9] org.apache.catalina.realm.LockOutRealm.filterLockedAccounts Se ha intentado autenticar al usuario bloqueado [Admin]
24-Sep-2025 20:20:16.872 WARNING [http-nio-8080-exec-10] org.apache.catalina.realm.LockOutRealm.filterLockedAccounts Se ha intentado autenticar al usuario bloqueado [Admin]
24-Sep-2025 20:20:17.302 WARNING [http-nio-8080-exec-1] org.apache.catalina.realm.LockOutRealm.filterLockedAccounts Se ha intentado autenticar al usuario bloqueado [Admin]
24-Sep-2025 20:20:18.042 WARNING [http-nio-8080-exec-4] org.apache.catalina.realm.LockOutRealm.filterLockedAccounts Se ha intentado autenticar al usuario bloqueado [Admin]
24-Sep-2025 20:20:18.561 WARNING [http-nio-8080-exec-6] org.apache.catalina.realm.LockOutRealm.filterLockedAccounts Se ha intentado autenticar al usuario bloqueado [Admin]
24-Sep-2025 20:20:19.040 WARNING [http-nio-8080-exec-9] org.apache.catalina.realm.LockOutRealm.filterLockedAccounts Se ha intentado autenticar al usuario bloqueado [Admin]
24-Sep-2025 20:20:19.570 WARNING [http-nio-8080-exec-10] org.apache.catalina.realm.LockOutRealm.filterLockedAccounts Se ha intentado autenticar al usuario bloqueado [Admin]
24-Sep-2025 20:20:20.084 WARNING [http-nio-8080-exec-1] org.apache.catalina.realm.LockOutRealm.filterLockedAccounts Se ha intentado autenticar al usuario bloqueado [Admin]
24-Sep-2025 20:21:22.112 INFO [Catalina-utility-2] org.apache.catalina.users.MemoryUserDatabase.backgroundProcess Reloading memory user database [UserDatabase] from updated source [file:/C:/Users/USER/OneDrive/Documentos/NetBeansProjects/MVC_LOGIN_2F/apache-tomcat-10.1.46/apache-tomcat-10.1.46/conf/tomcat-users.xml]
24-Sep-2025 20:21:49.797 WARNING [http-nio-8080-exec-4] org.apache.catalina.realm.LockOutRealm.filterLockedAccounts Se ha intentado autenticar al usuario bloqueado [Admin]
24-Sep-2025 20:21:50.458 WARNING [http-nio-8080-exec-6] org.apache.catalina.realm.LockOutRealm.filterLockedAccounts Se ha intentado autenticar al usuario bloqueado [Admin]
24-Sep-2025 20:21:51.027 WARNING [http-nio-8080-exec-9] org.apache.catalina.realm.LockOutRealm.filterLockedAccounts Se ha intentado autenticar al usuario bloqueado [Admin]
24-Sep-2025 20:21:51.569 WARNING [http-nio-8080-exec-10] org.apache.catalina.realm.LockOutRealm.filterLockedAccounts Se ha intentado autenticar al usuario bloqueado [Admin]
24-Sep-2025 20:21:52.760 WARNING [http-nio-8080-exec-2] org.apache.catalina.realm.LockOutRealm.filterLockedAccounts Se ha intentado autenticar al usuario bloqueado [Admin]
24-Sep-2025 20:21:53.420 WARNING [http-nio-8080-exec-4] org.apache.catalina.realm.LockOutRealm.filterLockedAccounts Se ha intentado autenticar al usuario bloqueado [Admin]
24-Sep-2025 20:21:54.029 WARNING [http-nio-8080-exec-6] org.apache.catalina.realm.LockOutRealm.filterLockedAccounts Se ha intentado autenticar al usuario bloqueado [Admin]
24-Sep-2025 20:22:01.794 WARNING [http-nio-8080-exec-9] org.apache.catalina.realm.LockOutRealm.filterLockedAccounts Se ha intentado autenticar al usuario bloqueado [Admin]
24-Sep-2025 20:22:02.595 WARNING [http-nio-8080-exec-10] org.apache.catalina.realm.LockOutRealm.filterLockedAccounts Se ha intentado autenticar al usuario bloqueado [Admin]
24-Sep-2025 20:22:03.202 WARNING [http-nio-8080-exec-2] org.apache.catalina.realm.LockOutRealm.filterLockedAccounts Se ha intentado autenticar al usuario bloqueado [Admin]
24-Sep-2025 20:22:03.681 WARNING [http-nio-8080-exec-4] org.apache.catalina.realm.LockOutRealm.filterLockedAccounts Se ha intentado autenticar al usuario bloqueado [Admin]
24-Sep-2025 20:22:04.091 WARNING [http-nio-8080-exec-6] org.apache.catalina.realm.LockOutRealm.filterLockedAccounts Se ha intentado autenticar al usuario bloqueado [Admin]
24-Sep-2025 20:22:04.322 WARNING [http-nio-8080-exec-9] org.apache.catalina.realm.LockOutRealm.filterLockedAccounts Se ha intentado autenticar al usuario bloqueado [Admin]
24-Sep-2025 20:22:04.709 WARNING [http-nio-8080-exec-10] org.apache.catalina.realm.LockOutRealm.filterLockedAccounts Se ha intentado autenticar al usuario bloqueado [Admin]
24-Sep-2025 20:22:04.926 WARNING [http-nio-8080-exec-2] org.apache.catalina.realm.LockOutRealm.filterLockedAccounts Se ha intentado autenticar al usuario bloqueado [Admin]
24-Sep-2025 20:22:19.551 WARNING [http-nio-8080-exec-8] org.apache.catalina.realm.LockOutRealm.filterLockedAccounts Se ha intentado autenticar al usuario bloqueado [Admin]
24-Sep-2025 20:22:20.184 WARNING [http-nio-8080-exec-1] org.apache.catalina.realm.LockOutRealm.filterLockedAccounts Se ha intentado autenticar al usuario bloqueado [Admin]
24-Sep-2025 20:22:21.401 INFO [main] org.apache.catalina.core.StandardServer.await Se ha recibido un comando de apagado a través del puerto de apagado. Parando la instancia del Servidor.
24-Sep-2025 20:22:21.402 INFO [main] org.apache.coyote.AbstractProtocol.pause Pausing ProtocolHandler ["http-nio-8080"]
24-Sep-2025 20:22:22.185 INFO [main] org.apache.catalina.core.StandardService.stopInternal Parando servicio [Catalina]
24-Sep-2025 20:22:22.239 INFO [main] org.apache.coyote.AbstractProtocol.stop Stopping ProtocolHandler ["http-nio-8080"]
24-Sep-2025 20:22:22.247 INFO [main] org.apache.coyote.AbstractProtocol.destroy Destroying ProtocolHandler ["http-nio-8080"]
24-Sep-2025 20:25:45.120 INFO [main] org.apache.catalina.startup.VersionLoggerListener.log Nombre de la versión del servidor: Apache Tomcat/10.1.46
24-Sep-2025 20:25:45.146 INFO [main] org.apache.catalina.startup.VersionLoggerListener.log Server built:                      Sep 8 2025 14:26:21 UTC
24-Sep-2025 20:25:45.146 INFO [main] org.apache.catalina.startup.VersionLoggerListener.log Número de versión de servidor:     10.1.46.0
24-Sep-2025 20:25:45.147 INFO [main] org.apache.catalina.startup.VersionLoggerListener.log OS Name:                           Windows 11
24-Sep-2025 20:25:45.147 INFO [main] org.apache.catalina.startup.VersionLoggerListener.log Versión de Systema Operativo:      10.0
24-Sep-2025 20:25:45.147 INFO [main] org.apache.catalina.startup.VersionLoggerListener.log Arquitectura:                      amd64
24-Sep-2025 20:25:45.147 INFO [main] org.apache.catalina.startup.VersionLoggerListener.log Java Home:                         C:\Program Files\Java\jdk-17
24-Sep-2025 20:25:45.147 INFO [main] org.apache.catalina.startup.VersionLoggerListener.log JVM Version:                       17.0.12+8-LTS-286
24-Sep-2025 20:25:45.147 INFO [main] org.apache.catalina.startup.VersionLoggerListener.log Vededor JVM:                       Oracle Corporation
24-Sep-2025 20:25:45.147 INFO [main] org.apache.catalina.startup.VersionLoggerListener.log CATALINA_BASE:                     C:\Users\USER\OneDrive\Documentos\NetBeansProjects\MVC_LOGIN_2F\apache-tomcat-10.1.46\apache-tomcat-10.1.46
24-Sep-2025 20:25:45.147 INFO [main] org.apache.catalina.startup.VersionLoggerListener.log CATALINA_HOME:                     C:\Users\USER\OneDrive\Documentos\NetBeansProjects\MVC_LOGIN_2F\apache-tomcat-10.1.46\apache-tomcat-10.1.46
24-Sep-2025 20:25:45.165 INFO [main] org.apache.catalina.startup.VersionLoggerListener.log Command line argument:             -Djava.util.logging.config.file=C:\Users\USER\OneDrive\Documentos\NetBeansProjects\MVC_LOGIN_2F\apache-tomcat-10.1.46\apache-tomcat-10.1.46\conf\logging.properties
24-Sep-2025 20:25:45.165 INFO [main] org.apache.catalina.startup.VersionLoggerListener.log Command line argument:             -Djava.util.logging.manager=org.apache.juli.ClassLoaderLogManager
24-Sep-2025 20:25:45.165 INFO [main] org.apache.catalina.startup.VersionLoggerListener.log Command line argument:             -Djdk.tls.ephemeralDHKeySize=2048
24-Sep-2025 20:25:45.165 INFO [main] org.apache.catalina.startup.VersionLoggerListener.log Command line argument:             -Djava.protocol.handler.pkgs=org.apache.catalina.webresources
24-Sep-2025 20:25:45.165 INFO [main] org.apache.catalina.startup.VersionLoggerListener.log Command line argument:             -Dsun.io.useCanonCaches=false
24-Sep-2025 20:25:45.165 INFO [main] org.apache.catalina.startup.VersionLoggerListener.log Command line argument:             --add-opens=java.base/java.lang=ALL-UNNAMED
24-Sep-2025 20:25:45.165 INFO [main] org.apache.catalina.startup.VersionLoggerListener.log Command line argument:             --add-opens=java.base/java.lang.reflect=ALL-UNNAMED
24-Sep-2025 20:25:45.165 INFO [main] org.apache.catalina.startup.VersionLoggerListener.log Command line argument:             --add-opens=java.base/java.io=ALL-UNNAMED
24-Sep-2025 20:25:45.165 INFO [main] org.apache.catalina.startup.VersionLoggerListener.log Command line argument:             --add-opens=java.base/java.util=ALL-UNNAMED
24-Sep-2025 20:25:45.166 INFO [main] org.apache.catalina.startup.VersionLoggerListener.log Command line argument:             --add-opens=java.base/java.util.concurrent=ALL-UNNAMED
24-Sep-2025 20:25:45.166 INFO [main] org.apache.catalina.startup.VersionLoggerListener.log Command line argument:             --add-opens=java.rmi/sun.rmi.transport=ALL-UNNAMED
24-Sep-2025 20:25:45.166 INFO [main] org.apache.catalina.startup.VersionLoggerListener.log Command line argument:             -Dcatalina.base=C:\Users\USER\OneDrive\Documentos\NetBeansProjects\MVC_LOGIN_2F\apache-tomcat-10.1.46\apache-tomcat-10.1.46
24-Sep-2025 20:25:45.166 INFO [main] org.apache.catalina.startup.VersionLoggerListener.log Command line argument:             -Dcatalina.home=C:\Users\USER\OneDrive\Documentos\NetBeansProjects\MVC_LOGIN_2F\apache-tomcat-10.1.46\apache-tomcat-10.1.46
24-Sep-2025 20:25:45.220 INFO [main] org.apache.catalina.startup.VersionLoggerListener.log Command line argument:             -Djava.io.tmpdir=C:\Users\USER\OneDrive\Documentos\NetBeansProjects\MVC_LOGIN_2F\apache-tomcat-10.1.46\apache-tomcat-10.1.46\temp
24-Sep-2025 20:25:45.234 INFO [main] org.apache.catalina.core.AprLifecycleListener.lifecycleEvent La biblioteca nativa de Apache Tomcat basada en ARP que permite un rendimiento óptimo en entornos de desarrollo no ha sido hallada en java.library.path: [C:\Program Files\Java\jdk-17\bin;C:\windows\Sun\Java\bin;C:\windows\system32;C:\windows;C:\Program Files\Microsoft MPI\Bin\;C:\Program Files\Common Files\Oracle\Java\javapath;C:\windows\system32;C:\windows;C:\windows\System32\Wbem;C:\windows\System32\WindowsPowerShell\v1.0\;C:\windows\System32\OpenSSH\;C:\Program Files (x86)\NVIDIA Corporation\PhysX\Common;C:\Program Files\dotnet\;C:\Program Files\NVIDIA Corporation\NVIDIA App\NvDLISR;C:\Program Files\Java\jdk-17\bin;C:\Program Files (x86)\Microsoft SQL Server\160\Tools\Binn\;C:\Program Files\Microsoft SQL Server\160\Tools\Binn\;C:\Program Files\Microsoft SQL Server\Client SDK\ODBC\170\Tools\Binn\;C:\Program Files\Microsoft SQL Server\160\DTS\Binn\;C:\Program Files (x86)\Microsoft SQL Server\160\DTS\Binn\;C:\Users\USER\AppData\Local\Microsoft\WindowsApps;C:\Program Files\PostgreSQL\17\bin;;.]
24-Sep-2025 20:25:45.521 INFO [main] org.apache.coyote.AbstractProtocol.init Inicializando el manejador de protocolo ["http-nio-8080"]

24-Sep-2025 20:25:45.547 INFO [main] org.apache.catalina.startup.Catalina.load Server initialization in [629] milliseconds
24-Sep-2025 20:25:45.633 INFO [main] org.apache.catalina.core.StandardService.startInternal Arrancando servicio [Catalina]
24-Sep-2025 20:25:45.634 INFO [main] org.apache.catalina.core.StandardEngine.startInternal Starting Servlet engine: [Apache Tomcat/10.1.46]
24-Sep-2025 20:25:45.642 INFO [main] org.apache.catalina.startup.HostConfig.deployDirectory Desplegando el directorio [C:\Users\USER\OneDrive\Documentos\NetBeansProjects\MVC_LOGIN_2F\apache-tomcat-10.1.46\apache-tomcat-10.1.46\webapps\docs] de la aplicación web
24-Sep-2025 20:25:46.053 INFO [main] org.apache.catalina.startup.HostConfig.deployDirectory Deployment of web application directory [C:\Users\USER\OneDrive\Documentos\NetBeansProjects\MVC_LOGIN_2F\apache-tomcat-10.1.46\apache-tomcat-10.1.46\webapps\docs] has finished in [409] ms
24-Sep-2025 20:25:46.053 INFO [main] org.apache.catalina.startup.HostConfig.deployDirectory Desplegando el directorio [C:\Users\USER\OneDrive\Documentos\NetBeansProjects\MVC_LOGIN_2F\apache-tomcat-10.1.46\apache-tomcat-10.1.46\webapps\examples] de la aplicación web
24-Sep-2025 20:25:46.533 INFO [main] org.apache.catalina.startup.HostConfig.deployDirectory Deployment of web application directory [C:\Users\USER\OneDrive\Documentos\NetBeansProjects\MVC_LOGIN_2F\apache-tomcat-10.1.46\apache-tomcat-10.1.46\webapps\examples] has finished in [479] ms
24-Sep-2025 20:25:46.533 INFO [main] org.apache.catalina.startup.HostConfig.deployDirectory Desplegando el directorio [C:\Users\USER\OneDrive\Documentos\NetBeansProjects\MVC_LOGIN_2F\apache-tomcat-10.1.46\apache-tomcat-10.1.46\webapps\host-manager] de la aplicación web
24-Sep-2025 20:25:46.583 INFO [main] org.apache.catalina.startup.HostConfig.deployDirectory Deployment of web application directory [C:\Users\USER\OneDrive\Documentos\NetBeansProjects\MVC_LOGIN_2F\apache-tomcat-10.1.46\apache-tomcat-10.1.46\webapps\host-manager] has finished in [50] ms
24-Sep-2025 20:25:46.584 INFO [main] org.apache.catalina.startup.HostConfig.deployDirectory Desplegando el directorio [C:\Users\USER\OneDrive\Documentos\NetBeansProjects\MVC_LOGIN_2F\apache-tomcat-10.1.46\apache-tomcat-10.1.46\webapps\manager] de la aplicación web
24-Sep-2025 20:25:46.620 INFO [main] org.apache.catalina.startup.HostConfig.deployDirectory Deployment of web application directory [C:\Users\USER\OneDrive\Documentos\NetBeansProjects\MVC_LOGIN_2F\apache-tomcat-10.1.46\apache-tomcat-10.1.46\webapps\manager] has finished in [37] ms
24-Sep-2025 20:25:46.620 INFO [main] org.apache.catalina.startup.HostConfig.deployDirectory Desplegando el directorio [C:\Users\USER\OneDrive\Documentos\NetBeansProjects\MVC_LOGIN_2F\apache-tomcat-10.1.46\apache-tomcat-10.1.46\webapps\ROOT] de la aplicación web
24-Sep-2025 20:25:46.652 INFO [main] org.apache.catalina.startup.HostConfig.deployDirectory Deployment of web application directory [C:\Users\USER\OneDrive\Documentos\NetBeansProjects\MVC_LOGIN_2F\apache-tomcat-10.1.46\apache-tomcat-10.1.46\webapps\ROOT] has finished in [32] ms
24-Sep-2025 20:25:46.652 INFO [main] org.apache.coyote.AbstractProtocol.start Starting ProtocolHandler ["http-nio-8080"]
24-Sep-2025 20:25:46.714 INFO [main] org.apache.catalina.startup.Catalina.start Server startup in [1165] milliseconds
24-Sep-2025 20:27:24.239 INFO [main] org.apache.catalina.core.StandardServer.await Se ha recibido un comando de apagado a través del puerto de apagado. Parando la instancia del Servidor.
24-Sep-2025 20:27:24.239 INFO [main] org.apache.coyote.AbstractProtocol.pause Pausing ProtocolHandler ["http-nio-8080"]
24-Sep-2025 20:27:24.396 INFO [main] org.apache.catalina.core.StandardService.stopInternal Parando servicio [Catalina]
24-Sep-2025 20:27:24.419 INFO [main] org.apache.coyote.AbstractProtocol.stop Stopping ProtocolHandler ["http-nio-8080"]
24-Sep-2025 20:27:24.438 INFO [main] org.apache.coyote.AbstractProtocol.destroy Destroying ProtocolHandler ["http-nio-8080"]
24-Sep-2025 20:27:27.433 INFO [main] org.apache.catalina.startup.VersionLoggerListener.log Nombre de la versión del servidor: Apache Tomcat/10.1.46
24-Sep-2025 20:27:27.440 INFO [main] org.apache.catalina.startup.VersionLoggerListener.log Server built:                      Sep 8 2025 14:26:21 UTC
24-Sep-2025 20:27:27.441 INFO [main] org.apache.catalina.startup.VersionLoggerListener.log Número de versión de servidor:     10.1.46.0
24-Sep-2025 20:27:27.441 INFO [main] org.apache.catalina.startup.VersionLoggerListener.log OS Name:                           Windows 11
24-Sep-2025 20:27:27.441 INFO [main] org.apache.catalina.startup.VersionLoggerListener.log Versión de Systema Operativo:      10.0
24-Sep-2025 20:27:27.441 INFO [main] org.apache.catalina.startup.VersionLoggerListener.log Arquitectura:                      amd64
24-Sep-2025 20:27:27.442 INFO [main] org.apache.catalina.startup.VersionLoggerListener.log Java Home:                         C:\Program Files\Java\jdk-17
24-Sep-2025 20:27:27.442 INFO [main] org.apache.catalina.startup.VersionLoggerListener.log JVM Version:                       17.0.12+8-LTS-286
24-Sep-2025 20:27:27.442 INFO [main] org.apache.catalina.startup.VersionLoggerListener.log Vededor JVM:                       Oracle Corporation
24-Sep-2025 20:27:27.442 INFO [main] org.apache.catalina.startup.VersionLoggerListener.log CATALINA_BASE:                     C:\Users\USER\OneDrive\Documentos\NetBeansProjects\MVC_LOGIN_2F\apache-tomcat-10.1.46\apache-tomcat-10.1.46
24-Sep-2025 20:27:27.443 INFO [main] org.apache.catalina.startup.VersionLoggerListener.log CATALINA_HOME:                     C:\Users\USER\OneDrive\Documentos\NetBeansProjects\MVC_LOGIN_2F\apache-tomcat-10.1.46\apache-tomcat-10.1.46
24-Sep-2025 20:27:27.450 INFO [main] org.apache.catalina.startup.VersionLoggerListener.log Command line argument:             -Djava.util.logging.config.file=C:\Users\USER\OneDrive\Documentos\NetBeansProjects\MVC_LOGIN_2F\apache-tomcat-10.1.46\apache-tomcat-10.1.46\conf\logging.properties
24-Sep-2025 20:27:27.450 INFO [main] org.apache.catalina.startup.VersionLoggerListener.log Command line argument:             -Djava.util.logging.manager=org.apache.juli.ClassLoaderLogManager
24-Sep-2025 20:27:27.451 INFO [main] org.apache.catalina.startup.VersionLoggerListener.log Command line argument:             -Djdk.tls.ephemeralDHKeySize=2048
24-Sep-2025 20:27:27.451 INFO [main] org.apache.catalina.startup.VersionLoggerListener.log Command line argument:             -Djava.protocol.handler.pkgs=org.apache.catalina.webresources
24-Sep-2025 20:27:27.451 INFO [main] org.apache.catalina.startup.VersionLoggerListener.log Command line argument:             -Dsun.io.useCanonCaches=false
24-Sep-2025 20:27:27.451 INFO [main] org.apache.catalina.startup.VersionLoggerListener.log Command line argument:             --add-opens=java.base/java.lang=ALL-UNNAMED
24-Sep-2025 20:27:27.451 INFO [main] org.apache.catalina.startup.VersionLoggerListener.log Command line argument:             --add-opens=java.base/java.lang.reflect=ALL-UNNAMED
24-Sep-2025 20:27:27.451 INFO [main] org.apache.catalina.startup.VersionLoggerListener.log Command line argument:             --add-opens=java.base/java.io=ALL-UNNAMED
24-Sep-2025 20:27:27.451 INFO [main] org.apache.catalina.startup.VersionLoggerListener.log Command line argument:             --add-opens=java.base/java.util=ALL-UNNAMED
24-Sep-2025 20:27:27.451 INFO [main] org.apache.catalina.startup.VersionLoggerListener.log Command line argument:             --add-opens=java.base/java.util.concurrent=ALL-UNNAMED
24-Sep-2025 20:27:27.452 INFO [main] org.apache.catalina.startup.VersionLoggerListener.log Command line argument:             --add-opens=java.rmi/sun.rmi.transport=ALL-UNNAMED
24-Sep-2025 20:27:27.452 INFO [main] org.apache.catalina.startup.VersionLoggerListener.log Command line argument:             -Dcatalina.base=C:\Users\USER\OneDrive\Documentos\NetBeansProjects\MVC_LOGIN_2F\apache-tomcat-10.1.46\apache-tomcat-10.1.46
24-Sep-2025 20:27:27.452 INFO [main] org.apache.catalina.startup.VersionLoggerListener.log Command line argument:             -Dcatalina.home=C:\Users\USER\OneDrive\Documentos\NetBeansProjects\MVC_LOGIN_2F\apache-tomcat-10.1.46\apache-tomcat-10.1.46
24-Sep-2025 20:27:27.525 INFO [main] org.apache.catalina.startup.VersionLoggerListener.log Command line argument:             -Djava.io.tmpdir=C:\Users\USER\OneDrive\Documentos\NetBeansProjects\MVC_LOGIN_2F\apache-tomcat-10.1.46\apache-tomcat-10.1.46\temp
24-Sep-2025 20:27:27.534 INFO [main] org.apache.catalina.core.AprLifecycleListener.lifecycleEvent La biblioteca nativa de Apache Tomcat basada en ARP que permite un rendimiento óptimo en entornos de desarrollo no ha sido hallada en java.library.path: [C:\Program Files\Java\jdk-17\bin;C:\windows\Sun\Java\bin;C:\windows\system32;C:\windows;C:\Program Files\Microsoft MPI\Bin\;C:\Program Files\Common Files\Oracle\Java\javapath;C:\windows\system32;C:\windows;C:\windows\System32\Wbem;C:\windows\System32\WindowsPowerShell\v1.0\;C:\windows\System32\OpenSSH\;C:\Program Files (x86)\NVIDIA Corporation\PhysX\Common;C:\Program Files\dotnet\;C:\Program Files\NVIDIA Corporation\NVIDIA App\NvDLISR;C:\Program Files\Java\jdk-17\bin;C:\Program Files (x86)\Microsoft SQL Server\160\Tools\Binn\;C:\Program Files\Microsoft SQL Server\160\Tools\Binn\;C:\Program Files\Microsoft SQL Server\Client SDK\ODBC\170\Tools\Binn\;C:\Program Files\Microsoft SQL Server\160\DTS\Binn\;C:\Program Files (x86)\Microsoft SQL Server\160\DTS\Binn\;C:\Users\USER\AppData\Local\Microsoft\WindowsApps;C:\Program Files\PostgreSQL\17\bin;;.]
24-Sep-2025 20:27:27.817 INFO [main] org.apache.coyote.AbstractProtocol.init Inicializando el manejador de protocolo ["http-nio-8080"]

24-Sep-2025 20:27:27.841 INFO [main] org.apache.catalina.startup.Catalina.load Server initialization in [608] milliseconds
24-Sep-2025 20:27:27.905 INFO [main] org.apache.catalina.core.StandardService.startInternal Arrancando servicio [Catalina]
24-Sep-2025 20:27:27.905 INFO [main] org.apache.catalina.core.StandardEngine.startInternal Starting Servlet engine: [Apache Tomcat/10.1.46]
24-Sep-2025 20:27:27.919 INFO [main] org.apache.catalina.startup.HostConfig.deployDirectory Desplegando el directorio [C:\Users\USER\OneDrive\Documentos\NetBeansProjects\MVC_LOGIN_2F\apache-tomcat-10.1.46\apache-tomcat-10.1.46\webapps\docs] de la aplicación web
24-Sep-2025 20:27:28.248 INFO [main] org.apache.catalina.startup.HostConfig.deployDirectory Deployment of web application directory [C:\Users\USER\OneDrive\Documentos\NetBeansProjects\MVC_LOGIN_2F\apache-tomcat-10.1.46\apache-tomcat-10.1.46\webapps\docs] has finished in [324] ms
24-Sep-2025 20:27:28.251 INFO [main] org.apache.catalina.startup.HostConfig.deployDirectory Desplegando el directorio [C:\Users\USER\OneDrive\Documentos\NetBeansProjects\MVC_LOGIN_2F\apache-tomcat-10.1.46\apache-tomcat-10.1.46\webapps\examples] de la aplicación web
24-Sep-2025 20:27:28.703 INFO [main] org.apache.catalina.startup.HostConfig.deployDirectory Deployment of web application directory [C:\Users\USER\OneDrive\Documentos\NetBeansProjects\MVC_LOGIN_2F\apache-tomcat-10.1.46\apache-tomcat-10.1.46\webapps\examples] has finished in [452] ms
24-Sep-2025 20:27:28.703 INFO [main] org.apache.catalina.startup.HostConfig.deployDirectory Desplegando el directorio [C:\Users\USER\OneDrive\Documentos\NetBeansProjects\MVC_LOGIN_2F\apache-tomcat-10.1.46\apache-tomcat-10.1.46\webapps\host-manager] de la aplicación web
24-Sep-2025 20:27:28.762 INFO [main] org.apache.catalina.startup.HostConfig.deployDirectory Deployment of web application directory [C:\Users\USER\OneDrive\Documentos\NetBeansProjects\MVC_LOGIN_2F\apache-tomcat-10.1.46\apache-tomcat-10.1.46\webapps\host-manager] has finished in [58] ms
24-Sep-2025 20:27:28.762 INFO [main] org.apache.catalina.startup.HostConfig.deployDirectory Desplegando el directorio [C:\Users\USER\OneDrive\Documentos\NetBeansProjects\MVC_LOGIN_2F\apache-tomcat-10.1.46\apache-tomcat-10.1.46\webapps\manager] de la aplicación web
24-Sep-2025 20:27:28.800 INFO [main] org.apache.catalina.startup.HostConfig.deployDirectory Deployment of web application directory [C:\Users\USER\OneDrive\Documentos\NetBeansProjects\MVC_LOGIN_2F\apache-tomcat-10.1.46\apache-tomcat-10.1.46\webapps\manager] has finished in [38] ms
24-Sep-2025 20:27:28.800 INFO [main] org.apache.catalina.startup.HostConfig.deployDirectory Desplegando el directorio [C:\Users\USER\OneDrive\Documentos\NetBeansProjects\MVC_LOGIN_2F\apache-tomcat-10.1.46\apache-tomcat-10.1.46\webapps\ROOT] de la aplicación web
24-Sep-2025 20:27:28.824 INFO [main] org.apache.catalina.startup.HostConfig.deployDirectory Deployment of web application directory [C:\Users\USER\OneDrive\Documentos\NetBeansProjects\MVC_LOGIN_2F\apache-tomcat-10.1.46\apache-tomcat-10.1.46\webapps\ROOT] has finished in [24] ms
24-Sep-2025 20:27:28.828 INFO [main] org.apache.coyote.AbstractProtocol.start Starting ProtocolHandler ["http-nio-8080"]
24-Sep-2025 20:27:28.875 INFO [main] org.apache.catalina.startup.Catalina.start Server startup in [1032] milliseconds
24-Sep-2025 20:28:46.842 INFO [main] org.apache.catalina.core.StandardServer.await Se ha recibido un comando de apagado a través del puerto de apagado. Parando la instancia del Servidor.
24-Sep-2025 20:28:46.842 INFO [main] org.apache.coyote.AbstractProtocol.pause Pausing ProtocolHandler ["http-nio-8080"]
24-Sep-2025 20:28:47.702 INFO [main] org.apache.catalina.core.StandardService.stopInternal Parando servicio [Catalina]
24-Sep-2025 20:28:47.782 INFO [main] org.apache.coyote.AbstractProtocol.stop Stopping ProtocolHandler ["http-nio-8080"]
24-Sep-2025 20:28:47.799 INFO [main] org.apache.coyote.AbstractProtocol.destroy Destroying ProtocolHandler ["http-nio-8080"]
24-Sep-2025 20:32:15.451 INFO [main] org.apache.catalina.startup.VersionLoggerListener.log Nombre de la versión del servidor: Apache Tomcat/10.1.46
24-Sep-2025 20:32:15.455 INFO [main] org.apache.catalina.startup.VersionLoggerListener.log Server built:                      Sep 8 2025 14:26:21 UTC
24-Sep-2025 20:32:15.455 INFO [main] org.apache.catalina.startup.VersionLoggerListener.log Número de versión de servidor:     10.1.46.0
24-Sep-2025 20:32:15.455 INFO [main] org.apache.catalina.startup.VersionLoggerListener.log OS Name:                           Windows 11
24-Sep-2025 20:32:15.455 INFO [main] org.apache.catalina.startup.VersionLoggerListener.log Versión de Systema Operativo:      10.0
24-Sep-2025 20:32:15.455 INFO [main] org.apache.catalina.startup.VersionLoggerListener.log Arquitectura:                      amd64
24-Sep-2025 20:32:15.455 INFO [main] org.apache.catalina.startup.VersionLoggerListener.log Java Home:                         C:\Program Files\Java\jdk-17
24-Sep-2025 20:32:15.455 INFO [main] org.apache.catalina.startup.VersionLoggerListener.log JVM Version:                       17.0.12+8-LTS-286
24-Sep-2025 20:32:15.456 INFO [main] org.apache.catalina.startup.VersionLoggerListener.log Vededor JVM:                       Oracle Corporation
24-Sep-2025 20:32:15.456 INFO [main] org.apache.catalina.startup.VersionLoggerListener.log CATALINA_BASE:                     C:\Users\USER\OneDrive\Documentos\NetBeansProjects\MVC_LOGIN_2F\apache-tomcat-10.1.46\apache-tomcat-10.1.46
24-Sep-2025 20:32:15.456 INFO [main] org.apache.catalina.startup.VersionLoggerListener.log CATALINA_HOME:                     C:\Users\USER\OneDrive\Documentos\NetBeansProjects\MVC_LOGIN_2F\apache-tomcat-10.1.46\apache-tomcat-10.1.46
24-Sep-2025 20:32:15.463 INFO [main] org.apache.catalina.startup.VersionLoggerListener.log Command line argument:             -Djava.util.logging.config.file=C:\Users\USER\OneDrive\Documentos\NetBeansProjects\MVC_LOGIN_2F\apache-tomcat-10.1.46\apache-tomcat-10.1.46\conf\logging.properties
24-Sep-2025 20:32:15.463 INFO [main] org.apache.catalina.startup.VersionLoggerListener.log Command line argument:             -Djava.util.logging.manager=org.apache.juli.ClassLoaderLogManager
24-Sep-2025 20:32:15.464 INFO [main] org.apache.catalina.startup.VersionLoggerListener.log Command line argument:             -Djdk.tls.ephemeralDHKeySize=2048
24-Sep-2025 20:32:15.464 INFO [main] org.apache.catalina.startup.VersionLoggerListener.log Command line argument:             -Djava.protocol.handler.pkgs=org.apache.catalina.webresources
24-Sep-2025 20:32:15.464 INFO [main] org.apache.catalina.startup.VersionLoggerListener.log Command line argument:             -Dsun.io.useCanonCaches=false
24-Sep-2025 20:32:15.464 INFO [main] org.apache.catalina.startup.VersionLoggerListener.log Command line argument:             --add-opens=java.base/java.lang=ALL-UNNAMED
24-Sep-2025 20:32:15.464 INFO [main] org.apache.catalina.startup.VersionLoggerListener.log Command line argument:             --add-opens=java.base/java.lang.reflect=ALL-UNNAMED
24-Sep-2025 20:32:15.464 INFO [main] org.apache.catalina.startup.VersionLoggerListener.log Command line argument:             --add-opens=java.base/java.io=ALL-UNNAMED
24-Sep-2025 20:32:15.464 INFO [main] org.apache.catalina.startup.VersionLoggerListener.log Command line argument:             --add-opens=java.base/java.util=ALL-UNNAMED
24-Sep-2025 20:32:15.464 INFO [main] org.apache.catalina.startup.VersionLoggerListener.log Command line argument:             --add-opens=java.base/java.util.concurrent=ALL-UNNAMED
24-Sep-2025 20:32:15.464 INFO [main] org.apache.catalina.startup.VersionLoggerListener.log Command line argument:             --add-opens=java.rmi/sun.rmi.transport=ALL-UNNAMED
24-Sep-2025 20:32:15.464 INFO [main] org.apache.catalina.startup.VersionLoggerListener.log Command line argument:             -Dcatalina.base=C:\Users\USER\OneDrive\Documentos\NetBeansProjects\MVC_LOGIN_2F\apache-tomcat-10.1.46\apache-tomcat-10.1.46
24-Sep-2025 20:32:15.465 INFO [main] org.apache.catalina.startup.VersionLoggerListener.log Command line argument:             -Dcatalina.home=C:\Users\USER\OneDrive\Documentos\NetBeansProjects\MVC_LOGIN_2F\apache-tomcat-10.1.46\apache-tomcat-10.1.46
24-Sep-2025 20:32:15.478 INFO [main] org.apache.catalina.startup.VersionLoggerListener.log Command line argument:             -Djava.io.tmpdir=C:\Users\USER\OneDrive\Documentos\NetBeansProjects\MVC_LOGIN_2F\apache-tomcat-10.1.46\apache-tomcat-10.1.46\temp
24-Sep-2025 20:32:15.488 INFO [main] org.apache.catalina.core.AprLifecycleListener.lifecycleEvent La biblioteca nativa de Apache Tomcat basada en ARP que permite un rendimiento óptimo en entornos de desarrollo no ha sido hallada en java.library.path: [C:\Program Files\Java\jdk-17\bin;C:\windows\Sun\Java\bin;C:\windows\system32;C:\windows;C:\Program Files\Microsoft MPI\Bin\;C:\Program Files\Common Files\Oracle\Java\javapath;C:\windows\system32;C:\windows;C:\windows\System32\Wbem;C:\windows\System32\WindowsPowerShell\v1.0\;C:\windows\System32\OpenSSH\;C:\Program Files (x86)\NVIDIA Corporation\PhysX\Common;C:\Program Files\dotnet\;C:\Program Files\NVIDIA Corporation\NVIDIA App\NvDLISR;C:\Program Files\Java\jdk-17\bin;C:\Program Files (x86)\Microsoft SQL Server\160\Tools\Binn\;C:\Program Files\Microsoft SQL Server\160\Tools\Binn\;C:\Program Files\Microsoft SQL Server\Client SDK\ODBC\170\Tools\Binn\;C:\Program Files\Microsoft SQL Server\160\DTS\Binn\;C:\Program Files (x86)\Microsoft SQL Server\160\DTS\Binn\;C:\Users\USER\AppData\Local\Microsoft\WindowsApps;C:\Program Files\PostgreSQL\17\bin;;.]
24-Sep-2025 20:32:15.718 INFO [main] org.apache.coyote.AbstractProtocol.init Inicializando el manejador de protocolo ["http-nio-8080"]

24-Sep-2025 20:32:15.738 INFO [main] org.apache.catalina.startup.Catalina.load Server initialization in [463] milliseconds
24-Sep-2025 20:32:15.794 INFO [main] org.apache.catalina.core.StandardService.startInternal Arrancando servicio [Catalina]
24-Sep-2025 20:32:15.795 INFO [main] org.apache.catalina.core.StandardEngine.startInternal Starting Servlet engine: [Apache Tomcat/10.1.46]
24-Sep-2025 20:32:15.813 INFO [main] org.apache.catalina.startup.HostConfig.deployDirectory Desplegando el directorio [C:\Users\USER\OneDrive\Documentos\NetBeansProjects\MVC_LOGIN_2F\apache-tomcat-10.1.46\apache-tomcat-10.1.46\webapps\docs] de la aplicación web
24-Sep-2025 20:32:16.139 INFO [main] org.apache.catalina.startup.HostConfig.deployDirectory Deployment of web application directory [C:\Users\USER\OneDrive\Documentos\NetBeansProjects\MVC_LOGIN_2F\apache-tomcat-10.1.46\apache-tomcat-10.1.46\webapps\docs] has finished in [324] ms
24-Sep-2025 20:32:16.139 INFO [main] org.apache.catalina.startup.HostConfig.deployDirectory Desplegando el directorio [C:\Users\USER\OneDrive\Documentos\NetBeansProjects\MVC_LOGIN_2F\apache-tomcat-10.1.46\apache-tomcat-10.1.46\webapps\examples] de la aplicación web
24-Sep-2025 20:32:16.588 INFO [main] org.apache.catalina.startup.HostConfig.deployDirectory Deployment of web application directory [C:\Users\USER\OneDrive\Documentos\NetBeansProjects\MVC_LOGIN_2F\apache-tomcat-10.1.46\apache-tomcat-10.1.46\webapps\examples] has finished in [448] ms
24-Sep-2025 20:32:16.588 INFO [main] org.apache.catalina.startup.HostConfig.deployDirectory Desplegando el directorio [C:\Users\USER\OneDrive\Documentos\NetBeansProjects\MVC_LOGIN_2F\apache-tomcat-10.1.46\apache-tomcat-10.1.46\webapps\host-manager] de la aplicación web
24-Sep-2025 20:32:16.630 INFO [main] org.apache.catalina.startup.HostConfig.deployDirectory Deployment of web application directory [C:\Users\USER\OneDrive\Documentos\NetBeansProjects\MVC_LOGIN_2F\apache-tomcat-10.1.46\apache-tomcat-10.1.46\webapps\host-manager] has finished in [42] ms
24-Sep-2025 20:32:16.631 INFO [main] org.apache.catalina.startup.HostConfig.deployDirectory Desplegando el directorio [C:\Users\USER\OneDrive\Documentos\NetBeansProjects\MVC_LOGIN_2F\apache-tomcat-10.1.46\apache-tomcat-10.1.46\webapps\manager] de la aplicación web
24-Sep-2025 20:32:16.662 INFO [main] org.apache.catalina.startup.HostConfig.deployDirectory Deployment of web application directory [C:\Users\USER\OneDrive\Documentos\NetBeansProjects\MVC_LOGIN_2F\apache-tomcat-10.1.46\apache-tomcat-10.1.46\webapps\manager] has finished in [31] ms
24-Sep-2025 20:32:16.662 INFO [main] org.apache.catalina.startup.HostConfig.deployDirectory Desplegando el directorio [C:\Users\USER\OneDrive\Documentos\NetBeansProjects\MVC_LOGIN_2F\apache-tomcat-10.1.46\apache-tomcat-10.1.46\webapps\ROOT] de la aplicación web
24-Sep-2025 20:32:16.690 INFO [main] org.apache.catalina.startup.HostConfig.deployDirectory Deployment of web application directory [C:\Users\USER\OneDrive\Documentos\NetBeansProjects\MVC_LOGIN_2F\apache-tomcat-10.1.46\apache-tomcat-10.1.46\webapps\ROOT] has finished in [28] ms
24-Sep-2025 20:32:16.694 INFO [main] org.apache.coyote.AbstractProtocol.start Starting ProtocolHandler ["http-nio-8080"]
24-Sep-2025 20:32:16.747 INFO [main] org.apache.catalina.startup.Catalina.start Server startup in [1008] milliseconds
24-Sep-2025 20:33:21.311 INFO [main] org.apache.catalina.core.StandardServer.await Se ha recibido un comando de apagado a través del puerto de apagado. Parando la instancia del Servidor.
24-Sep-2025 20:33:21.311 INFO [main] org.apache.coyote.AbstractProtocol.pause Pausing ProtocolHandler ["http-nio-8080"]
24-Sep-2025 20:33:21.472 INFO [main] org.apache.catalina.core.StandardService.stopInternal Parando servicio [Catalina]
24-Sep-2025 20:33:21.498 INFO [main] org.apache.coyote.AbstractProtocol.stop Stopping ProtocolHandler ["http-nio-8080"]
24-Sep-2025 20:33:21.502 INFO [main] org.apache.coyote.AbstractProtocol.destroy Destroying ProtocolHandler ["http-nio-8080"]
24-Sep-2025 20:35:37.410 INFO [main] org.apache.catalina.startup.VersionLoggerListener.log Nombre de la versión del servidor: Apache Tomcat/10.1.46
24-Sep-2025 20:35:37.415 INFO [main] org.apache.catalina.startup.VersionLoggerListener.log Server built:                      Sep 8 2025 14:26:21 UTC
24-Sep-2025 20:35:37.415 INFO [main] org.apache.catalina.startup.VersionLoggerListener.log Número de versión de servidor:     10.1.46.0
24-Sep-2025 20:35:37.415 INFO [main] org.apache.catalina.startup.VersionLoggerListener.log OS Name:                           Windows 11
24-Sep-2025 20:35:37.416 INFO [main] org.apache.catalina.startup.VersionLoggerListener.log Versión de Systema Operativo:      10.0
24-Sep-2025 20:35:37.416 INFO [main] org.apache.catalina.startup.VersionLoggerListener.log Arquitectura:                      amd64
24-Sep-2025 20:35:37.416 INFO [main] org.apache.catalina.startup.VersionLoggerListener.log Java Home:                         C:\Program Files\Java\jdk-17
24-Sep-2025 20:35:37.416 INFO [main] org.apache.catalina.startup.VersionLoggerListener.log JVM Version:                       17.0.12+8-LTS-286
24-Sep-2025 20:35:37.416 INFO [main] org.apache.catalina.startup.VersionLoggerListener.log Vededor JVM:                       Oracle Corporation
24-Sep-2025 20:35:37.416 INFO [main] org.apache.catalina.startup.VersionLoggerListener.log CATALINA_BASE:                     C:\Users\USER\OneDrive\Documentos\NetBeansProjects\MVC_LOGIN_2F\apache-tomcat-10.1.46\apache-tomcat-10.1.46
24-Sep-2025 20:35:37.416 INFO [main] org.apache.catalina.startup.VersionLoggerListener.log CATALINA_HOME:                     C:\Users\USER\OneDrive\Documentos\NetBeansProjects\MVC_LOGIN_2F\apache-tomcat-10.1.46\apache-tomcat-10.1.46
24-Sep-2025 20:35:37.424 INFO [main] org.apache.catalina.startup.VersionLoggerListener.log Command line argument:             -Djava.util.logging.config.file=C:\Users\USER\OneDrive\Documentos\NetBeansProjects\MVC_LOGIN_2F\apache-tomcat-10.1.46\apache-tomcat-10.1.46\conf\logging.properties
24-Sep-2025 20:35:37.425 INFO [main] org.apache.catalina.startup.VersionLoggerListener.log Command line argument:             -Djava.util.logging.manager=org.apache.juli.ClassLoaderLogManager
24-Sep-2025 20:35:37.425 INFO [main] org.apache.catalina.startup.VersionLoggerListener.log Command line argument:             -Djdk.tls.ephemeralDHKeySize=2048
24-Sep-2025 20:35:37.425 INFO [main] org.apache.catalina.startup.VersionLoggerListener.log Command line argument:             -Djava.protocol.handler.pkgs=org.apache.catalina.webresources
24-Sep-2025 20:35:37.425 INFO [main] org.apache.catalina.startup.VersionLoggerListener.log Command line argument:             -Dsun.io.useCanonCaches=false
24-Sep-2025 20:35:37.425 INFO [main] org.apache.catalina.startup.VersionLoggerListener.log Command line argument:             --add-opens=java.base/java.lang=ALL-UNNAMED
24-Sep-2025 20:35:37.425 INFO [main] org.apache.catalina.startup.VersionLoggerListener.log Command line argument:             --add-opens=java.base/java.lang.reflect=ALL-UNNAMED
24-Sep-2025 20:35:37.425 INFO [main] org.apache.catalina.startup.VersionLoggerListener.log Command line argument:             --add-opens=java.base/java.io=ALL-UNNAMED
24-Sep-2025 20:35:37.425 INFO [main] org.apache.catalina.startup.VersionLoggerListener.log Command line argument:             --add-opens=java.base/java.util=ALL-UNNAMED
24-Sep-2025 20:35:37.426 INFO [main] org.apache.catalina.startup.VersionLoggerListener.log Command line argument:             --add-opens=java.base/java.util.concurrent=ALL-UNNAMED
24-Sep-2025 20:35:37.426 INFO [main] org.apache.catalina.startup.VersionLoggerListener.log Command line argument:             --add-opens=java.rmi/sun.rmi.transport=ALL-UNNAMED
24-Sep-2025 20:35:37.426 INFO [main] org.apache.catalina.startup.VersionLoggerListener.log Command line argument:             -Dcatalina.base=C:\Users\USER\OneDrive\Documentos\NetBeansProjects\MVC_LOGIN_2F\apache-tomcat-10.1.46\apache-tomcat-10.1.46
24-Sep-2025 20:35:37.426 INFO [main] org.apache.catalina.startup.VersionLoggerListener.log Command line argument:             -Dcatalina.home=C:\Users\USER\OneDrive\Documentos\NetBeansProjects\MVC_LOGIN_2F\apache-tomcat-10.1.46\apache-tomcat-10.1.46
24-Sep-2025 20:35:37.428 INFO [main] org.apache.catalina.startup.VersionLoggerListener.log Command line argument:             -Djava.io.tmpdir=C:\Users\USER\OneDrive\Documentos\NetBeansProjects\MVC_LOGIN_2F\apache-tomcat-10.1.46\apache-tomcat-10.1.46\temp
24-Sep-2025 20:35:37.434 INFO [main] org.apache.catalina.core.AprLifecycleListener.lifecycleEvent La biblioteca nativa de Apache Tomcat basada en ARP que permite un rendimiento óptimo en entornos de desarrollo no ha sido hallada en java.library.path: [C:\Program Files\Java\jdk-17\bin;C:\windows\Sun\Java\bin;C:\windows\system32;C:\windows;C:\Program Files\Microsoft MPI\Bin\;C:\Program Files\Common Files\Oracle\Java\javapath;C:\windows\system32;C:\windows;C:\windows\System32\Wbem;C:\windows\System32\WindowsPowerShell\v1.0\;C:\windows\System32\OpenSSH\;C:\Program Files (x86)\NVIDIA Corporation\PhysX\Common;C:\Program Files\dotnet\;C:\Program Files\NVIDIA Corporation\NVIDIA App\NvDLISR;C:\Program Files\Java\jdk-17\bin;C:\Program Files (x86)\Microsoft SQL Server\160\Tools\Binn\;C:\Program Files\Microsoft SQL Server\160\Tools\Binn\;C:\Program Files\Microsoft SQL Server\Client SDK\ODBC\170\Tools\Binn\;C:\Program Files\Microsoft SQL Server\160\DTS\Binn\;C:\Program Files (x86)\Microsoft SQL Server\160\DTS\Binn\;C:\Users\USER\AppData\Local\Microsoft\WindowsApps;C:\Program Files\PostgreSQL\17\bin;;.]
24-Sep-2025 20:35:37.650 INFO [main] org.apache.coyote.AbstractProtocol.init Inicializando el manejador de protocolo ["http-nio-8080"]

24-Sep-2025 20:35:37.674 INFO [main] org.apache.catalina.startup.Catalina.load Server initialization in [464] milliseconds
24-Sep-2025 20:35:37.714 INFO [main] org.apache.catalina.core.StandardService.startInternal Arrancando servicio [Catalina]
24-Sep-2025 20:35:37.715 INFO [main] org.apache.catalina.core.StandardEngine.startInternal Starting Servlet engine: [Apache Tomcat/10.1.46]
24-Sep-2025 20:35:37.723 INFO [main] org.apache.catalina.startup.HostConfig.deployDirectory Desplegando el directorio [C:\Users\USER\OneDrive\Documentos\NetBeansProjects\MVC_LOGIN_2F\apache-tomcat-10.1.46\apache-tomcat-10.1.46\webapps\docs] de la aplicación web
24-Sep-2025 20:35:38.071 INFO [main] org.apache.catalina.startup.HostConfig.deployDirectory Deployment of web application directory [C:\Users\USER\OneDrive\Documentos\NetBeansProjects\MVC_LOGIN_2F\apache-tomcat-10.1.46\apache-tomcat-10.1.46\webapps\docs] has finished in [346] ms
24-Sep-2025 20:35:38.071 INFO [main] org.apache.catalina.startup.HostConfig.deployDirectory Desplegando el directorio [C:\Users\USER\OneDrive\Documentos\NetBeansProjects\MVC_LOGIN_2F\apache-tomcat-10.1.46\apache-tomcat-10.1.46\webapps\examples] de la aplicación web
24-Sep-2025 20:35:38.580 INFO [main] org.apache.catalina.startup.HostConfig.deployDirectory Deployment of web application directory [C:\Users\USER\OneDrive\Documentos\NetBeansProjects\MVC_LOGIN_2F\apache-tomcat-10.1.46\apache-tomcat-10.1.46\webapps\examples] has finished in [509] ms
24-Sep-2025 20:35:38.580 INFO [main] org.apache.catalina.startup.HostConfig.deployDirectory Desplegando el directorio [C:\Users\USER\OneDrive\Documentos\NetBeansProjects\MVC_LOGIN_2F\apache-tomcat-10.1.46\apache-tomcat-10.1.46\webapps\host-manager] de la aplicación web
24-Sep-2025 20:35:38.610 INFO [main] org.apache.catalina.startup.HostConfig.deployDirectory Deployment of web application directory [C:\Users\USER\OneDrive\Documentos\NetBeansProjects\MVC_LOGIN_2F\apache-tomcat-10.1.46\apache-tomcat-10.1.46\webapps\host-manager] has finished in [30] ms
24-Sep-2025 20:35:38.610 INFO [main] org.apache.catalina.startup.HostConfig.deployDirectory Desplegando el directorio [C:\Users\USER\OneDrive\Documentos\NetBeansProjects\MVC_LOGIN_2F\apache-tomcat-10.1.46\apache-tomcat-10.1.46\webapps\manager] de la aplicación web
24-Sep-2025 20:35:38.662 INFO [main] org.apache.catalina.startup.HostConfig.deployDirectory Deployment of web application directory [C:\Users\USER\OneDrive\Documentos\NetBeansProjects\MVC_LOGIN_2F\apache-tomcat-10.1.46\apache-tomcat-10.1.46\webapps\manager] has finished in [52] ms
24-Sep-2025 20:35:38.662 INFO [main] org.apache.catalina.startup.HostConfig.deployDirectory Desplegando el directorio [C:\Users\USER\OneDrive\Documentos\NetBeansProjects\MVC_LOGIN_2F\apache-tomcat-10.1.46\apache-tomcat-10.1.46\webapps\ROOT] de la aplicación web
24-Sep-2025 20:35:38.693 INFO [main] org.apache.catalina.startup.HostConfig.deployDirectory Deployment of web application directory [C:\Users\USER\OneDrive\Documentos\NetBeansProjects\MVC_LOGIN_2F\apache-tomcat-10.1.46\apache-tomcat-10.1.46\webapps\ROOT] has finished in [31] ms
24-Sep-2025 20:35:38.697 INFO [main] org.apache.coyote.AbstractProtocol.start Starting ProtocolHandler ["http-nio-8080"]
24-Sep-2025 20:35:38.749 INFO [main] org.apache.catalina.startup.Catalina.start Server startup in [1074] milliseconds
24-Sep-2025 20:40:30.930 INFO [main] org.apache.catalina.core.StandardServer.await Se ha recibido un comando de apagado a través del puerto de apagado. Parando la instancia del Servidor.
24-Sep-2025 20:40:30.930 INFO [main] org.apache.coyote.AbstractProtocol.pause Pausing ProtocolHandler ["http-nio-8080"]
24-Sep-2025 20:40:31.101 INFO [main] org.apache.catalina.core.StandardService.stopInternal Parando servicio [Catalina]
24-Sep-2025 20:40:31.121 INFO [main] org.apache.coyote.AbstractProtocol.stop Stopping ProtocolHandler ["http-nio-8080"]
24-Sep-2025 20:40:31.133 INFO [main] org.apache.coyote.AbstractProtocol.destroy Destroying ProtocolHandler ["http-nio-8080"]
