24-Sep-2025 20:18:19.812 INFO [main] org.apache.catalina.core.ApplicationContext.log ContextListener: contextInitialized()
24-Sep-2025 20:18:19.812 INFO [main] org.apache.catalina.core.ApplicationContext.log SessionListener: contextInitialized()
24-Sep-2025 20:18:19.817 INFO [main] org.apache.catalina.core.ApplicationContext.log ContextListener: attributeAdded('StockTicker', 'async.Stockticker@41a90fa8')
24-Sep-2025 20:22:22.213 INFO [main] org.apache.catalina.core.ApplicationContext.log SessionListener: contextDestroyed()
24-Sep-2025 20:22:22.213 INFO [main] org.apache.catalina.core.ApplicationContext.log ContextListener: contextDestroyed()
24-Sep-2025 20:25:46.516 INFO [main] org.apache.catalina.core.ApplicationContext.log ContextListener: contextInitialized()
24-Sep-2025 20:25:46.516 INFO [main] org.apache.catalina.core.ApplicationContext.log SessionListener: contextInitialized()
24-Sep-2025 20:25:46.517 INFO [main] org.apache.catalina.core.ApplicationContext.log ContextListener: attributeAdded('StockTicker', 'async.Stockticker@4a9f80d3')
24-Sep-2025 20:27:24.405 INFO [main] org.apache.catalina.core.ApplicationContext.log SessionListener: contextDestroyed()
24-Sep-2025 20:27:24.405 INFO [main] org.apache.catalina.core.ApplicationContext.log ContextListener: contextDestroyed()
24-Sep-2025 20:27:28.683 INFO [main] org.apache.catalina.core.ApplicationContext.log ContextListener: contextInitialized()
24-Sep-2025 20:27:28.683 INFO [main] org.apache.catalina.core.ApplicationContext.log SessionListener: contextInitialized()
24-Sep-2025 20:27:28.683 INFO [main] org.apache.catalina.core.ApplicationContext.log ContextListener: attributeAdded('StockTicker', 'async.Stockticker@70dd7e15')
24-Sep-2025 20:28:47.750 INFO [main] org.apache.catalina.core.ApplicationContext.log SessionListener: contextDestroyed()
24-Sep-2025 20:28:47.750 INFO [main] org.apache.catalina.core.ApplicationContext.log ContextListener: contextDestroyed()
24-Sep-2025 20:32:16.572 INFO [main] org.apache.catalina.core.ApplicationContext.log ContextListener: contextInitialized()
24-Sep-2025 20:32:16.572 INFO [main] org.apache.catalina.core.ApplicationContext.log SessionListener: contextInitialized()
24-Sep-2025 20:32:16.574 INFO [main] org.apache.catalina.core.ApplicationContext.log ContextListener: attributeAdded('StockTicker', 'async.Stockticker@3e2943ab')
24-Sep-2025 20:33:21.487 INFO [main] org.apache.catalina.core.ApplicationContext.log SessionListener: contextDestroyed()
24-Sep-2025 20:33:21.488 INFO [main] org.apache.catalina.core.ApplicationContext.log ContextListener: contextDestroyed()
24-Sep-2025 20:35:38.566 INFO [main] org.apache.catalina.core.ApplicationContext.log ContextListener: contextInitialized()
24-Sep-2025 20:35:38.566 INFO [main] org.apache.catalina.core.ApplicationContext.log SessionListener: contextInitialized()
24-Sep-2025 20:35:38.568 INFO [main] org.apache.catalina.core.ApplicationContext.log ContextListener: attributeAdded('StockTicker', 'async.Stockticker@3e2943ab')
24-Sep-2025 20:40:31.113 INFO [main] org.apache.catalina.core.ApplicationContext.log SessionListener: contextDestroyed()
24-Sep-2025 20:40:31.113 INFO [main] org.apache.catalina.core.ApplicationContext.log ContextListener: contextDestroyed()
